e:\users\james\documents\github\sinput\sinput\sinput\debug\sinput.pdb
e:\users\james\documents\github\sinput\sinput\sinput\debug\sinput.idb
e:\users\james\documents\github\sinput\sinput\sinput\debug\binding.obj
e:\users\james\documents\github\sinput\sinput\sinput\debug\devicemanager.obj
e:\users\james\documents\github\sinput\sinput\sinput\debug\enum.obj
e:\users\james\documents\github\sinput\sinput\sinput\debug\gamepad.obj
e:\users\james\documents\github\sinput\sinput\sinput\debug\gamepadmanager.obj
e:\users\james\documents\github\sinput\sinput\sinput\debug\input.obj
e:\users\james\documents\github\sinput\sinput\sinput\debug\keyboardmanager.obj
e:\users\james\documents\github\sinput\sinput\sinput\debug\mouse.obj
e:\users\james\documents\github\sinput\sinput\sinput\debug\mousemanager.obj
e:\users\james\documents\github\sinput\sinput\sinput\debug\sinput.obj
e:\users\james\documents\github\sinput\sinput\sinput\debug\keyboard.obj
e:\users\james\documents\github\sinput\sinput\sinput\debug\serialize.obj
e:\users\james\documents\github\sinput\sinput\sinput\debug\stats.obj
e:\users\james\documents\github\sinput\sinput\debug\sinput.lib
e:\users\james\documents\github\sinput\sinput\debug\sinput.pdb
e:\users\james\documents\github\sinput\sinput\sinput\debug\sinput.tlog\cl.command.1.tlog
e:\users\james\documents\github\sinput\sinput\sinput\debug\sinput.tlog\cl.read.1.tlog
e:\users\james\documents\github\sinput\sinput\sinput\debug\sinput.tlog\cl.write.1.tlog
e:\users\james\documents\github\sinput\sinput\sinput\debug\sinput.tlog\lib-link.read.1.tlog
e:\users\james\documents\github\sinput\sinput\sinput\debug\sinput.tlog\lib-link.write.1.tlog
e:\users\james\documents\github\sinput\sinput\sinput\debug\sinput.tlog\lib.command.1.tlog
