  DeviceManager.cpp
e:\users\james\documents\github\sinput\sinput\sinput\src\Internal.hpp(4): fatal error C1083: Cannot open include file: 'SInput\Input.hpp': No such file or directory
  Enum.cpp
src\Enum.cpp(2): fatal error C1083: Cannot open include file: 'SInput\Enum.hpp': No such file or directory
  GamePad.cpp
e:\users\james\documents\github\sinput\sinput\sinput\src\gamepad\..\DeviceManager.hpp(3): fatal error C1083: Cannot open include file: 'SInput\Device.hpp': No such file or directory
  GamePadManager.cpp
e:\users\james\documents\github\sinput\sinput\sinput\src\gamepad\..\DeviceManager.hpp(3): fatal error C1083: Cannot open include file: 'SInput\Device.hpp': No such file or directory
  Keyboard.cpp
e:\users\james\documents\github\sinput\sinput\sinput\src\keyboard\..\DeviceManager.hpp(3): fatal error C1083: Cannot open include file: 'SInput\Device.hpp': No such file or directory
  KeyboardManager.cpp
e:\users\james\documents\github\sinput\sinput\sinput\src\keyboard\..\DeviceManager.hpp(3): fatal error C1083: Cannot open include file: 'SInput\Device.hpp': No such file or directory
  Mouse.cpp
e:\users\james\documents\github\sinput\sinput\sinput\src\mouse\..\DeviceManager.hpp(3): fatal error C1083: Cannot open include file: 'SInput\Device.hpp': No such file or directory
  Input.cpp
e:\users\james\documents\github\sinput\sinput\sinput\src\Internal.hpp(4): fatal error C1083: Cannot open include file: 'SInput\Input.hpp': No such file or directory
  MouseManager.cpp
e:\users\james\documents\github\sinput\sinput\sinput\src\mouse\..\DeviceManager.hpp(3): fatal error C1083: Cannot open include file: 'SInput\Device.hpp': No such file or directory
  SInput.cpp
e:\users\james\documents\github\sinput\sinput\sinput\src\Internal.hpp(4): fatal error C1083: Cannot open include file: 'SInput\Input.hpp': No such file or directory
